1492714890.477756 client started (13366): socket /private/tmp/tmux-501/default, protocol 8
1492714890.477800 on Darwin 16.6.0 Darwin Kernel Version 16.6.0: Wed Apr 12 21:00:08 PDT 2017; root:xnu-3789.60.20.0.1~3/RELEASE_X86_64; libevent 2.1.8-stable (select)
1492714890.477837 socket is /private/tmp/tmux-501/default
1492714890.477852 trying connect
1492714890.477879 connect failed: Connection refused
1492714890.478041 lock file is /private/tmp/tmux-501/default.lock
1492714890.478132 flock succeeded
1492714890.478138 got lock (6)
1492714890.478145 trying connect
1492714890.478153 connect failed: Connection refused
1492714890.478651 add peer 0x7f93b7001800: 7 (0x0)
1492714890.480494 sending message 100 to peer 0x7f93b7001800 (4 bytes)
1492714890.480523 sending message 101 to peer 0x7f93b7001800 (15 bytes)
1492714890.480531 sending message 102 to peer 0x7f93b7001800 (13 bytes)
1492714890.480535 sending message 108 to peer 0x7f93b7001800 (40 bytes)
1492714890.480547 sending message 104 to peer 0x7f93b7001800 (0 bytes)
1492714890.480552 sending message 107 to peer 0x7f93b7001800 (4 bytes)
1492714890.480556 sending message 105 to peer 0x7f93b7001800 (60 bytes)
1492714890.480561 sending message 105 to peer 0x7f93b7001800 (66 bytes)
1492714890.480565 sending message 105 to peer 0x7f93b7001800 (76 bytes)
1492714890.480569 sending message 105 to peer 0x7f93b7001800 (15 bytes)
1492714890.480574 sending message 105 to peer 0x7f93b7001800 (22 bytes)
1492714890.480578 sending message 105 to peer 0x7f93b7001800 (14 bytes)
1492714890.480582 sending message 105 to peer 0x7f93b7001800 (31 bytes)
1492714890.480587 sending message 105 to peer 0x7f93b7001800 (25 bytes)
1492714890.480591 sending message 105 to peer 0x7f93b7001800 (24 bytes)
1492714890.480596 sending message 105 to peer 0x7f93b7001800 (28 bytes)
1492714890.480600 sending message 105 to peer 0x7f93b7001800 (23 bytes)
1492714890.480604 sending message 105 to peer 0x7f93b7001800 (187 bytes)
1492714890.480609 sending message 105 to peer 0x7f93b7001800 (75 bytes)
1492714890.480613 sending message 105 to peer 0x7f93b7001800 (22 bytes)
1492714890.480617 sending message 105 to peer 0x7f93b7001800 (20 bytes)
1492714890.480622 sending message 105 to peer 0x7f93b7001800 (20 bytes)
1492714890.480626 sending message 105 to peer 0x7f93b7001800 (57 bytes)
1492714890.480631 sending message 105 to peer 0x7f93b7001800 (13 bytes)
1492714890.480635 sending message 105 to peer 0x7f93b7001800 (19 bytes)
1492714890.480639 sending message 105 to peer 0x7f93b7001800 (16 bytes)
1492714890.480644 sending message 105 to peer 0x7f93b7001800 (38 bytes)
1492714890.480648 sending message 105 to peer 0x7f93b7001800 (61 bytes)
1492714890.480653 sending message 105 to peer 0x7f93b7001800 (8 bytes)
1492714890.480657 sending message 105 to peer 0x7f93b7001800 (47 bytes)
1492714890.480661 sending message 105 to peer 0x7f93b7001800 (17 bytes)
1492714890.480666 sending message 105 to peer 0x7f93b7001800 (23 bytes)
1492714890.480670 sending message 105 to peer 0x7f93b7001800 (21 bytes)
1492714890.480674 sending message 105 to peer 0x7f93b7001800 (24 bytes)
1492714890.480679 sending message 105 to peer 0x7f93b7001800 (24 bytes)
1492714890.480683 sending message 105 to peer 0x7f93b7001800 (23 bytes)
1492714890.480687 sending message 105 to peer 0x7f93b7001800 (20 bytes)
1492714890.480701 sending message 105 to peer 0x7f93b7001800 (19 bytes)
1492714890.480705 sending message 105 to peer 0x7f93b7001800 (30 bytes)
1492714890.480709 sending message 105 to peer 0x7f93b7001800 (11 bytes)
1492714890.480713 sending message 105 to peer 0x7f93b7001800 (8 bytes)
1492714890.480717 sending message 105 to peer 0x7f93b7001800 (32 bytes)
1492714890.480721 sending message 105 to peer 0x7f93b7001800 (30 bytes)
1492714890.480726 sending message 105 to peer 0x7f93b7001800 (78 bytes)
1492714890.480730 sending message 105 to peer 0x7f93b7001800 (29 bytes)
1492714890.480734 sending message 105 to peer 0x7f93b7001800 (29 bytes)
1492714890.480738 sending message 105 to peer 0x7f93b7001800 (68 bytes)
1492714890.480742 sending message 105 to peer 0x7f93b7001800 (40 bytes)
1492714890.480810 sending message 105 to peer 0x7f93b7001800 (26 bytes)
1492714890.480816 sending message 105 to peer 0x7f93b7001800 (22 bytes)
1492714890.480821 sending message 105 to peer 0x7f93b7001800 (17 bytes)
1492714890.480825 sending message 105 to peer 0x7f93b7001800 (15 bytes)
1492714890.480830 sending message 106 to peer 0x7f93b7001800 (0 bytes)
1492714890.480837 sending message 200 to peer 0x7f93b7001800 (4 bytes)
1492714890.480841 client loop enter
1492714890.502330 peer 0x7f93b7001800 message 207
1492714890.502365 sending message 208 to peer 0x7f93b7001800 (0 bytes)
1492714891.109695 peer 0x7f93b7001800 message 203
1492714891.109709 sending message 205 to peer 0x7f93b7001800 (0 bytes)
1492714891.110374 peer 0x7f93b7001800 message 204
1492714891.110389 client loop exit
